2026-02-16 16:17:44,416 - src.etl - INFO - ETL Pipeline initialized with raw path: data/raw/transactions.csv
2026-02-16 16:17:44,416 - src.etl - INFO - ============================================================
2026-02-16 16:17:44,416 - src.etl - INFO - Starting ETL Pipeline
2026-02-16 16:17:44,416 - src.etl - INFO - ============================================================
2026-02-16 16:17:44,416 - src.etl - INFO - Loading raw data...
2026-02-16 16:17:44,418 - src.etl - WARNING - CSV not found, generating synthetic data: [Errno 2] No such file or directory: 'data/raw/transactions.csv'
2026-02-16 16:17:44,418 - src.etl - INFO - Generating 50000 synthetic transactions...
2026-02-16 16:17:44,707 - src.etl - INFO - Generated 50000 transactions with 2055 frauds (4.11%)
2026-02-16 16:17:44,709 - src.etl - INFO - Cleaning data...
2026-02-16 16:17:44,780 - src.etl - INFO - Cleaned data: 50000 -> 50000 records
2026-02-16 16:17:44,780 - src.etl - INFO - Engineering features...
2026-02-16 16:17:44,823 - src.etl - INFO - Computing velocity features...
2026-02-16 16:17:44,962 - src.etl - INFO - Engineered 21 new features
2026-02-16 16:17:44,970 - src.etl - INFO - Encoding categorical features...
2026-02-16 16:17:44,992 - src.etl - INFO - Categorical encoding complete
2026-02-16 16:17:45,221 - src.etl - INFO - Pipeline complete. Saved to: data/processed/processed_transactions.csv
2026-02-16 16:17:45,222 - src.etl - INFO - Final dataset shape: (50000, 14)
2026-02-16 16:17:45,222 - src.etl - INFO - Fraud rate: 4.11%
2026-02-16 16:17:45,222 - src.graph_features - INFO - Graph Feature Generator initialized
2026-02-16 16:17:45,222 - src.graph_features - INFO - Merging graph features to transactions...
2026-02-16 16:17:45,222 - src.graph_features - INFO - Building graph from 50000 transactions...
2026-02-16 16:17:47,161 - src.graph_features - INFO - Computing cross-account connections...
2026-02-16 16:17:47,428 - src.graph_features - INFO - Built graph with 2500 accounts
2026-02-16 16:17:47,436 - src.graph_features - INFO - Computing node features...
2026-02-16 16:17:47,528 - src.graph_features - INFO - Computed features for 2500 accounts
2026-02-16 16:17:47,529 - src.graph_features - INFO - Computing community features...
2026-02-16 16:17:48,318 - src.graph_features - INFO - Found 1 communities
2026-02-16 16:17:48,336 - src.graph_features - INFO - Computing PageRank scores...
2026-02-16 16:17:48,700 - src.graph_features - INFO - PageRank computation complete
2026-02-16 16:17:48,703 - src.graph_features - INFO - Computing betweenness centrality...
2026-02-16 16:17:56,836 - src.etl - INFO - ETL Pipeline initialized with raw path: data/raw/transactions.csv
2026-02-16 16:17:56,837 - src.etl - INFO - ============================================================
2026-02-16 16:17:56,837 - src.etl - INFO - Starting ETL Pipeline
2026-02-16 16:17:56,837 - src.etl - INFO - ============================================================
2026-02-16 16:17:56,837 - src.etl - INFO - Loading raw data...
2026-02-16 16:17:56,838 - src.etl - WARNING - CSV not found, generating synthetic data: [Errno 2] No such file or directory: 'data/raw/transactions.csv'
2026-02-16 16:17:56,838 - src.etl - INFO - Generating 50000 synthetic transactions...
2026-02-16 16:17:57,121 - src.etl - INFO - Generated 50000 transactions with 2055 frauds (4.11%)
2026-02-16 16:17:57,124 - src.etl - INFO - Cleaning data...
2026-02-16 16:17:57,189 - src.etl - INFO - Cleaned data: 50000 -> 50000 records
2026-02-16 16:17:57,189 - src.etl - INFO - Engineering features...
2026-02-16 16:17:57,226 - src.etl - INFO - Computing velocity features...
2026-02-16 16:17:57,380 - src.etl - INFO - Engineered 21 new features
2026-02-16 16:17:57,386 - src.etl - INFO - Encoding categorical features...
2026-02-16 16:17:57,411 - src.etl - INFO - Categorical encoding complete
2026-02-16 16:17:57,649 - src.etl - INFO - Pipeline complete. Saved to: data/processed/processed_transactions.csv
2026-02-16 16:17:57,649 - src.etl - INFO - Final dataset shape: (50000, 14)
2026-02-16 16:17:57,649 - src.etl - INFO - Fraud rate: 4.11%
2026-02-16 16:17:57,649 - src.graph_features - INFO - Graph Feature Generator initialized
2026-02-16 16:17:57,649 - src.graph_features - INFO - Merging graph features to transactions...
2026-02-16 16:17:57,649 - src.graph_features - INFO - Building graph from 50000 transactions...
2026-02-16 16:17:59,616 - src.graph_features - INFO - Computing cross-account connections...
2026-02-16 16:17:59,911 - src.graph_features - INFO - Built graph with 2500 accounts
2026-02-16 16:17:59,919 - src.graph_features - INFO - Computing node features...
2026-02-16 16:18:00,002 - src.graph_features - INFO - Computed features for 2500 accounts
2026-02-16 16:18:00,003 - src.graph_features - INFO - Computing community features...
2026-02-16 16:18:00,907 - src.graph_features - INFO - Found 1 communities
2026-02-16 16:18:00,924 - src.graph_features - INFO - Computing PageRank scores...
2026-02-16 16:18:01,312 - src.graph_features - INFO - PageRank computation complete
2026-02-16 16:18:01,316 - src.graph_features - INFO - Computing betweenness centrality...
