2026-02-16 16:33:49,651 - src.etl - INFO - ETL Pipeline initialized with raw path: data/raw/creditcard.csv
2026-02-16 16:33:49,651 - src.etl - INFO - ============================================================
2026-02-16 16:33:49,651 - src.etl - INFO - Starting ETL Pipeline
2026-02-16 16:33:49,651 - src.etl - INFO - ============================================================
2026-02-16 16:33:49,651 - src.etl - INFO - Loading raw data...
2026-02-16 16:33:51,683 - src.etl - INFO - Loaded 284807 records from CSV
2026-02-16 16:33:51,683 - src.etl - INFO - Detected Kaggle Credit Card Fraud dataset - transforming to standard format
2026-02-16 16:33:51,683 - src.etl - INFO - Transforming Kaggle Credit Card dataset...
2026-02-16 16:33:53,020 - src.etl - INFO - Transformed 284807 records to standard format
2026-02-16 16:33:53,038 - src.etl - INFO - Unique accounts: 100
2026-02-16 16:33:53,056 - src.etl - INFO - Unique merchants: 50
2026-02-16 16:33:53,073 - src.etl - INFO - Unique devices: 30
2026-02-16 16:33:53,074 - src.etl - INFO - Fraud rate: 0.17%
2026-02-16 16:33:53,075 - src.etl - INFO - Cleaning data...
2026-02-16 16:33:53,721 - src.etl - INFO - Cleaned data: 284807 -> 282982 records
2026-02-16 16:33:53,722 - src.etl - INFO - Engineering features...
2026-02-16 16:33:53,904 - src.etl - INFO - Computing velocity features...
2026-02-16 16:33:55,537 - src.etl - INFO - Engineered 21 new features
2026-02-16 16:33:55,625 - src.etl - INFO - Encoding categorical features...
2026-02-16 16:33:55,768 - src.etl - INFO - Categorical encoding complete
2026-02-16 16:34:08,285 - src.etl - INFO - Pipeline complete. Saved to: data/processed/processed_transactions.csv
2026-02-16 16:34:08,285 - src.etl - INFO - Final dataset shape: (282982, 45)
2026-02-16 16:34:08,286 - src.etl - INFO - Fraud rate: 0.16%
2026-02-16 16:34:08,287 - src.graph_features - INFO - Graph Feature Generator initialized
2026-02-16 16:34:08,287 - src.graph_features - INFO - Merging graph features to transactions...
2026-02-16 16:34:08,287 - src.graph_features - INFO - Building graph from 282982 transactions...
2026-02-16 16:34:21,489 - src.graph_features - INFO - Computing cross-account connections...
2026-02-16 16:34:21,519 - src.graph_features - INFO - Built graph with 100 accounts
2026-02-16 16:34:21,859 - src.graph_features - INFO - Computing node features...
2026-02-16 16:34:22,074 - src.graph_features - INFO - Computed features for 100 accounts
2026-02-16 16:34:22,075 - src.graph_features - INFO - Computing community features...
2026-02-16 16:34:22,084 - src.graph_features - INFO - Found 1 communities
2026-02-16 16:34:22,084 - src.graph_features - INFO - Computing PageRank scores...
2026-02-16 16:34:22,088 - src.graph_features - INFO - PageRank computation complete
2026-02-16 16:34:22,088 - src.graph_features - INFO - Computing betweenness centrality...
2026-02-16 16:34:25,541 - src.graph_features - INFO - Betweenness centrality computation complete
2026-02-16 16:34:25,541 - src.graph_features - INFO - Detecting fraud rings...
2026-02-16 16:34:28,039 - src.graph_features - INFO - Detected 236 potential fraud rings
2026-02-16 16:35:20,957 - src.etl - INFO - ETL Pipeline initialized with raw path: data/raw/creditcard.csv
2026-02-16 16:35:20,957 - src.etl - INFO - ============================================================
2026-02-16 16:35:20,957 - src.etl - INFO - Starting ETL Pipeline
2026-02-16 16:35:20,957 - src.etl - INFO - ============================================================
2026-02-16 16:35:20,957 - src.etl - INFO - Loading raw data...
2026-02-16 16:35:22,645 - src.etl - INFO - Loaded 284807 records from CSV
2026-02-16 16:35:22,646 - src.etl - INFO - Detected Kaggle Credit Card Fraud dataset - transforming to standard format
2026-02-16 16:35:22,646 - src.etl - INFO - Transforming Kaggle Credit Card dataset...
2026-02-16 16:35:23,727 - src.etl - INFO - Transformed 284807 records to standard format
2026-02-16 16:35:23,748 - src.etl - INFO - Unique accounts: 100
2026-02-16 16:35:23,766 - src.etl - INFO - Unique merchants: 50
2026-02-16 16:35:23,783 - src.etl - INFO - Unique devices: 30
2026-02-16 16:35:23,784 - src.etl - INFO - Fraud rate: 0.17%
2026-02-16 16:35:23,784 - src.etl - INFO - Cleaning data...
2026-02-16 16:35:24,452 - src.etl - INFO - Cleaned data: 284807 -> 282982 records
2026-02-16 16:35:24,453 - src.etl - INFO - Engineering features...
2026-02-16 16:35:24,768 - src.etl - INFO - Computing velocity features...
2026-02-16 16:35:26,586 - src.etl - INFO - Engineered 21 new features
2026-02-16 16:35:26,627 - src.etl - INFO - Encoding categorical features...
2026-02-16 16:35:26,709 - src.etl - INFO - Categorical encoding complete
2026-02-16 16:35:31,307 - src.etl - INFO - ETL Pipeline initialized with raw path: data/raw/creditcard.csv
2026-02-16 16:35:31,307 - src.etl - INFO - ============================================================
2026-02-16 16:35:31,307 - src.etl - INFO - Starting ETL Pipeline
2026-02-16 16:35:31,307 - src.etl - INFO - ============================================================
2026-02-16 16:35:31,307 - src.etl - INFO - Loading raw data...
2026-02-16 16:35:33,551 - src.etl - INFO - Loaded 284807 records from CSV
2026-02-16 16:35:33,551 - src.etl - INFO - Detected Kaggle Credit Card Fraud dataset - transforming to standard format
2026-02-16 16:35:33,551 - src.etl - INFO - Transforming Kaggle Credit Card dataset...
2026-02-16 16:35:34,962 - src.etl - INFO - Transformed 284807 records to standard format
2026-02-16 16:35:34,984 - src.etl - INFO - Unique accounts: 100
2026-02-16 16:35:35,003 - src.etl - INFO - Unique merchants: 50
2026-02-16 16:35:35,023 - src.etl - INFO - Unique devices: 30
2026-02-16 16:35:35,024 - src.etl - INFO - Fraud rate: 0.17%
2026-02-16 16:35:35,026 - src.etl - INFO - Cleaning data...
2026-02-16 16:35:35,617 - src.etl - INFO - Cleaned data: 284807 -> 282982 records
2026-02-16 16:35:35,617 - src.etl - INFO - Engineering features...
2026-02-16 16:35:35,813 - src.etl - INFO - Computing velocity features...
2026-02-16 16:35:37,606 - src.etl - INFO - Engineered 21 new features
2026-02-16 16:35:37,656 - src.etl - INFO - Encoding categorical features...
2026-02-16 16:35:37,772 - src.etl - INFO - Categorical encoding complete
2026-02-16 16:35:39,463 - src.etl - INFO - Pipeline complete. Saved to: data/processed/processed_transactions.csv
2026-02-16 16:35:39,463 - src.etl - INFO - Final dataset shape: (282982, 45)
2026-02-16 16:35:39,465 - src.etl - INFO - Fraud rate: 0.16%
2026-02-16 16:35:39,465 - src.graph_features - INFO - Graph Feature Generator initialized
2026-02-16 16:35:39,465 - src.graph_features - INFO - Merging graph features to transactions...
2026-02-16 16:35:39,465 - src.graph_features - INFO - Building graph from 282982 transactions...
2026-02-16 16:35:52,124 - src.etl - INFO - Pipeline complete. Saved to: data/processed/processed_transactions.csv
2026-02-16 16:35:52,124 - src.etl - INFO - Final dataset shape: (282982, 45)
2026-02-16 16:35:52,128 - src.etl - INFO - Fraud rate: 0.16%
2026-02-16 16:35:52,130 - src.graph_features - INFO - Graph Feature Generator initialized
2026-02-16 16:35:52,130 - src.graph_features - INFO - Merging graph features to transactions...
2026-02-16 16:35:52,131 - src.graph_features - INFO - Building graph from 282982 transactions...
2026-02-16 16:35:53,774 - src.graph_features - INFO - Computing cross-account connections...
2026-02-16 16:35:53,798 - src.graph_features - INFO - Built graph with 100 accounts
2026-02-16 16:35:54,128 - src.graph_features - INFO - Computing node features...
2026-02-16 16:35:54,416 - src.graph_features - INFO - Computed features for 100 accounts
2026-02-16 16:35:54,416 - src.graph_features - INFO - Computing community features...
2026-02-16 16:35:54,425 - src.graph_features - INFO - Found 1 communities
2026-02-16 16:35:54,425 - src.graph_features - INFO - Computing PageRank scores...
2026-02-16 16:35:54,430 - src.graph_features - INFO - PageRank computation complete
2026-02-16 16:35:54,430 - src.graph_features - INFO - Computing betweenness centrality...
2026-02-16 16:35:59,508 - src.graph_features - INFO - Betweenness centrality computation complete
2026-02-16 16:35:59,509 - src.graph_features - INFO - Detecting fraud rings...
2026-02-16 16:36:02,521 - src.graph_features - INFO - Detected 234 potential fraud rings
2026-02-16 16:36:04,822 - src.graph_features - INFO - Added 16 graph features
2026-02-16 16:36:05,347 - src.fraud_scoring - INFO - Fraud Scoring Engine initialized
2026-02-16 16:36:05,347 - src.fraud_scoring - INFO - Assigning risk levels...
2026-02-16 16:36:05,430 - src.fraud_scoring - INFO - Risk distribution: {'LOW': 262969, 'MEDIUM': 20005, 'HIGH': 8}
2026-02-16 16:36:05,430 - src.fraud_scoring - INFO - Adding graph risk flags...
2026-02-16 16:36:05,436 - src.fraud_scoring - INFO - Calculating investigation priority...
2026-02-16 16:36:08,774 - src.graph_features - INFO - Computing cross-account connections...
2026-02-16 16:36:08,808 - src.graph_features - INFO - Built graph with 100 accounts
2026-02-16 16:36:09,174 - src.graph_features - INFO - Computing node features...
2026-02-16 16:36:09,508 - src.graph_features - INFO - Computed features for 100 accounts
2026-02-16 16:36:09,508 - src.graph_features - INFO - Computing community features...
2026-02-16 16:36:09,522 - src.graph_features - INFO - Found 1 communities
2026-02-16 16:36:09,522 - src.graph_features - INFO - Computing PageRank scores...
2026-02-16 16:36:09,531 - src.graph_features - INFO - PageRank computation complete
2026-02-16 16:36:09,531 - src.graph_features - INFO - Computing betweenness centrality...
2026-02-16 16:36:14,287 - src.graph_features - INFO - Betweenness centrality computation complete
2026-02-16 16:36:14,287 - src.graph_features - INFO - Detecting fraud rings...
2026-02-16 16:36:15,786 - src.graph_features - INFO - Detected 218 potential fraud rings
2026-02-16 16:36:16,869 - src.graph_features - INFO - Added 16 graph features
2026-02-16 16:36:17,054 - src.fraud_scoring - INFO - Fraud Scoring Engine initialized
2026-02-16 16:36:17,054 - src.fraud_scoring - INFO - Assigning risk levels...
2026-02-16 16:36:17,135 - src.fraud_scoring - INFO - Risk distribution: {'LOW': 262969, 'MEDIUM': 20005, 'HIGH': 8}
2026-02-16 16:36:17,135 - src.fraud_scoring - INFO - Adding graph risk flags...
2026-02-16 16:36:17,141 - src.fraud_scoring - INFO - Calculating investigation priority...
